
Showing logs for build [32mcb-kubecd-environment-pr-106-11-4984w-1[0m stage [32mfrom-build-pack[0m and container [32mstep-credential-initializer-4l6jm[0m
{"level":"warn","ts":1576025181.3656983,"logger":"fallback-logger","caller":"logging/config.go:69","msg":"Fetch GitHub commit ID from kodata failed: \"ref: refs/heads/master\" is not a valid GitHub commit ID"}
{"level":"info","ts":1576025181.3664057,"logger":"fallback-logger","caller":"creds-init/main.go:40","msg":"Credentials initialized."}

Showing logs for build [32mcb-kubecd-environment-pr-106-11-4984w-1[0m stage [32mfrom-build-pack[0m and container [32mstep-working-dir-initializer-c2zl6[0m
{"level":"warn","ts":1576025182.7028286,"logger":"fallback-logger","caller":"logging/config.go:69","msg":"Fetch GitHub commit ID from kodata failed: open /var/run/ko/HEAD: no such file or directory"}
{"level":"info","ts":1576025182.7045805,"logger":"fallback-logger","caller":"bash/main.go:65","msg":"Successfully executed command \"mkdir -p /workspace/source\""}

Showing logs for build [32mcb-kubecd-environment-pr-106-11-4984w-1[0m stage [32mfrom-build-pack[0m and container [32mstep-place-tools[0m

Showing logs for build [32mcb-kubecd-environment-pr-106-11-4984w-1[0m stage [32mfrom-build-pack[0m and container [32mstep-git-source-cb-kubecd-environment-pr-106-11-mkvn7[0m
{"level":"warn","ts":1576025186.8598435,"logger":"fallback-logger","caller":"logging/config.go:69","msg":"Fetch GitHub commit ID from kodata failed: \"ref: refs/heads/master\" is not a valid GitHub commit ID"}
{"level":"info","ts":1576025187.9889235,"logger":"fallback-logger","caller":"git/git.go:102","msg":"Successfully cloned https://github.com/cb-kubecd/environment-pr-106-11-boot-gke-production.git @ master in path /workspace/source"}

Showing logs for build [32mcb-kubecd-environment-pr-106-11-4984w-1[0m stage [32mfrom-build-pack[0m and container [32mstep-git-merge[0m
Using SHAs from PULL_REFS=master:39af7ec764f65ed45b72354f155f1c9d51037ef4,1:af51717f480eedcfc622d7e4735cb5843576cbc0
DEBUG: ran git fetch --unshallow origin af51717f480eedcfc622d7e4735cb5843576cbc0: 39af7ec764f65ed45b72354f155f1c9d51037ef4: in 
DEBUG: ran git checkout master in 
DEBUG: ran git reset --hard 39af7ec764f65ed45b72354f155f1c9d51037ef4 in 
DEBUG: ran clean --force -d . in 
DEBUG: ran git merge af51717f480eedcfc622d7e4735cb5843576cbc0 in 
Merged SHA af51717f480eedcfc622d7e4735cb5843576cbc0 with commit message 'chore: Promote bdd-spring-1576024206 to version 0.0.1' into base branch master

Showing logs for build [32mcb-kubecd-environment-pr-106-11-4984w-1[0m stage [32mfrom-build-pack[0m and container [32mstep-build-helm-build[0m
WARNING: No $CHART_REPOSITORY defined so using the default value of: http://jenkins-x-chartmuseum:8080
Adding missing Helm repo: storage.googleapis.com https://storage.googleapis.com/chartmuseum.jenkins-x.io
WARNING: No secrets found on "helm/repos" due: reading the secret "helm/repos" from vault: no secret "helm/repos" not found in vault
Read credentials for https://storage.googleapis.com/chartmuseum.jenkins-x.io from vault helm/repos
Successfully added Helm repository storage.googleapis.com.
Adding missing Helm repo: jenkins-x-chartmuseum http://jenkins-x-chartmuseum:8080
WARNING: No secrets found on "helm/repos" due: reading the secret "helm/repos" from vault: no secret "helm/repos" not found in vault
Read credentials for http://jenkins-x-chartmuseum:8080 from vault helm/repos
Successfully added Helm repository jenkins-x-chartmuseum.
WARNING: No $CHART_REPOSITORY defined so using the default value of: http://jenkins-x-chartmuseum:8080
Adding missing Helm repo: chartmuseum.jenkins-x.io http://chartmuseum.jenkins-x.io
WARNING: No secrets found on "helm/repos" due: reading the secret "helm/repos" from vault: no secret "helm/repos" not found in vault
Read credentials for http://chartmuseum.jenkins-x.io from vault helm/repos
Successfully added Helm repository chartmuseum.jenkins-x.io.
